IPCClient/server_app/build/intermediates/manifest_merge_blame_file/debug/manifest-merger-blame-debug-report.txt
1<?xml version="1.0" encoding="utf-8"?>
2<manifest xmlns:android="http://schemas.android.com/apk/res/android"
3    package="com.malin.server"
4    android:versionCode="1"
5    android:versionName="1.0" >
6
7    <uses-sdk
8        android:minSdkVersion="15"
8-->src/main/AndroidManifest.xml
9        android:targetSdkVersion="29" />
9-->src/main/AndroidManifest.xml
10
11    <application
11-->src/main/AndroidManifest.xml:6:5-28:19
12        android:appComponentFactory="androidx.core.app.CoreComponentFactory"
12-->[androidx.core:core:1.7.0] AndroidManifest.xml:24:18-86
13        android:debuggable="true"
14        android:icon="@mipmap/ic_launcher"
14-->src/main/AndroidManifest.xml:7:9-43
15        android:label="@string/app_name"
15-->src/main/AndroidManifest.xml:8:9-41
16        android:theme="@style/AppTheme" >
16-->src/main/AndroidManifest.xml:9:9-40
17        <activity
17-->src/main/AndroidManifest.xml:11:9-19:20
18            android:name="com.malin.server.MainActivity"
18-->src/main/AndroidManifest.xml:12:13-57
19            android:exported="true" >
19-->src/main/AndroidManifest.xml:13:13-36
20            <intent-filter>
20-->src/main/AndroidManifest.xml:14:13-18:29
21                <action android:name="android.intent.action.MAIN" />
21-->src/main/AndroidManifest.xml:15:17-69
21-->src/main/AndroidManifest.xml:15:25-66
22
23                <category android:name="android.intent.category.LAUNCHER" />
23-->src/main/AndroidManifest.xml:17:17-77
23-->src/main/AndroidManifest.xml:17:27-74
24            </intent-filter>
25        </activity>
26
27        <service
27-->src/main/AndroidManifest.xml:20:9-27:19
28            android:name="com.malin.server.service.AIDLService"
28-->src/main/AndroidManifest.xml:21:13-48
29            android:exported="true" >
29-->src/main/AndroidManifest.xml:22:13-36
30            <intent-filter>
30-->src/main/AndroidManifest.xml:23:13-26:29
31                <action android:name="com.malin.aidl" />
31-->src/main/AndroidManifest.xml:24:17-57
31-->src/main/AndroidManifest.xml:24:25-54
32
33                <category android:name="android.intent.category.DEFAULT" />
33-->src/main/AndroidManifest.xml:25:17-76
33-->src/main/AndroidManifest.xml:25:27-73
34            </intent-filter>
35        </service>
36
37        <provider
37-->[androidx.emoji2:emoji2:1.0.0] AndroidManifest.xml:26:9-34:20
38            android:name="androidx.startup.InitializationProvider"
38-->[androidx.emoji2:emoji2:1.0.0] AndroidManifest.xml:27:13-67
39            android:authorities="com.malin.server.androidx-startup"
39-->[androidx.emoji2:emoji2:1.0.0] AndroidManifest.xml:28:13-68
40            android:exported="false" >
40-->[androidx.emoji2:emoji2:1.0.0] AndroidManifest.xml:29:13-37
41            <meta-data
41-->[androidx.emoji2:emoji2:1.0.0] AndroidManifest.xml:31:13-33:52
42                android:name="androidx.emoji2.text.EmojiCompatInitializer"
42-->[androidx.emoji2:emoji2:1.0.0] AndroidManifest.xml:32:17-75
43                android:value="androidx.startup" />
43-->[androidx.emoji2:emoji2:1.0.0] AndroidManifest.xml:33:17-49
44            <meta-data
44-->[androidx.lifecycle:lifecycle-process:2.4.0] AndroidManifest.xml:31:13-33:52
45                android:name="androidx.lifecycle.ProcessLifecycleInitializer"
45-->[androidx.lifecycle:lifecycle-process:2.4.0] AndroidManifest.xml:32:17-78
46                android:value="androidx.startup" />
46-->[androidx.lifecycle:lifecycle-process:2.4.0] AndroidManifest.xml:33:17-49
47        </provider>
48    </application>
49
50</manifest>